  Liar3D.cpp
  EventDispatcher.cpp
  Node.cpp
  Stage.cpp
  EventController.cpp
  IRawVertexBuffers.cpp
  RawVertexBuffersPositionNormalTexture.cpp
  VertexFactory.cpp
  DirectionLight.cpp
  PointLight.cpp
  SpotLight.cpp
  BaseMaterial.cpp
  GeometryFactory.cpp
  Mesh.cpp
  BoxGeometry.cpp
  Geometry.cpp
  BaseCamera.cpp
  Camera.cpp
  RenderQueue.cpp
  RenderState.cpp
  正在生成代码...
  正在编译...
  RenderUnit.cpp
  Renderer.cpp
  BaseTeture.cpp
  Texture2D.cpp
  ShaderCompile.cpp
  main.cpp
  CameraMoveScript.cpp
  正在生成代码...
  liar.vcxproj -> E:\c++\liar\Debug\liar.exe
