e:\c++\liar\liar\debug\vc141.pdb
e:\c++\liar\liar\debug\vc141.idb
e:\c++\liar\liar\debug\stage.obj
e:\c++\liar\liar\debug\openglwindow.obj
e:\c++\liar\liar\debug\mathutils.obj
e:\c++\liar\liar\debug\main.obj
e:\c++\liar\liar\debug\node.obj
e:\c++\liar\liar\debug\scene.obj
e:\c++\liar\liar\debug\camera.obj
e:\c++\liar\liar\debug\basecamera.obj
e:\c++\liar\liar\debug\glad.obj
e:\c++\liar\debug\liar.ilk
e:\c++\liar\debug\liar.exe
e:\c++\liar\debug\liar.pdb
e:\c++\liar\liar\debug\liar.tlog\cl.command.1.tlog
e:\c++\liar\liar\debug\liar.tlog\cl.read.1.tlog
e:\c++\liar\liar\debug\liar.tlog\cl.write.1.tlog
e:\c++\liar\liar\debug\liar.tlog\link.command.1.tlog
e:\c++\liar\liar\debug\liar.tlog\link.read.1.tlog
e:\c++\liar\liar\debug\liar.tlog\link.write.1.tlog
